<?xml version="1.0" encoding="UTF-8"?>
<testng-results skipped="0" failed="0" ignored="0" total="1" passed="1">
  <reporter-output>
  </reporter-output>
  <suite name="Default suite" duration-ms="99457" started-at="2022-11-28T10:04:20 EST" finished-at="2022-11-28T10:06:00 EST">
    <groups>
    </groups>
    <test name="Default test" duration-ms="99457" started-at="2022-11-28T10:04:20 EST" finished-at="2022-11-28T10:06:00 EST">
      <class name="testCases.TC004_AddCustomerTest">
        <test-method status="PASS" signature="userShouldBeAbleToAddCustomer()[pri:1, instance:testCases.TC004_AddCustomerTest@7133da86]" name="userShouldBeAbleToAddCustomer" duration-ms="99438" started-at="2022-11-28T10:04:20 EST" finished-at="2022-11-28T10:06:00 EST">
          <reporter-output>
          </reporter-output>
        </test-method> <!-- userShouldBeAbleToAddCustomer -->
      </class> <!-- testCases.TC004_AddCustomerTest -->
    </test> <!-- Default test -->
  </suite> <!-- Default suite -->
</testng-results>
